<?xml version="1.0" encoding="UTF-8"?>
<!-- Generated by org.testng.reporters.JUnitXMLReporter -->
<testsuite hostname="BDC4-L-8Y4DZM2" ignored="1" name="Default test" tests="3" failures="0" timestamp="2020-02-27T11:18:52 IST" time="48.888" errors="0">
  <testcase name="testLoginDemoWebShop" time="4.851" classname="tests.NewTest"/>
  <testcase name="testLoginDemoWebShop" time="16.126" classname="tests.NewTest"/>
  <testcase name="testLoginDemoWebShop" time="10.161" classname="tests.NewTest"/>
  <testcase name="testDDT" time="0.0" classname="tests.NewTest">
    <ignored/>
  </testcase> <!-- testDDT -->
</testsuite> <!-- Default test -->
