<?xml version="1.0" encoding="UTF-8"?>
<testng-results skipped="0" failed="0" ignored="3" total="9" passed="6">
  <reporter-output>
  </reporter-output>
  <suite name="Suite" duration-ms="218" started-at="2020-02-27T12:56:54 IST" finished-at="2020-02-27T12:56:55 IST">
    <groups>
      <group name="smoke">
        <method signature="NewTest2.test2()[pri:0, instance:tests.NewTest2@614ddd49]" name="test2" class="tests.NewTest2"/>
      </group> <!-- smoke -->
      <group name="sanity">
        <method signature="NewTest2.test0()[pri:0, instance:tests.NewTest2@614ddd49]" name="test0" class="tests.NewTest2"/>
      </group> <!-- sanity -->
      <group name="dry">
        <method signature="NewTest.testDDT(java.lang.String, java.lang.String)[pri:0, instance:tests.NewTest@1f554b06]" name="testDDT" class="tests.NewTest"/>
        <method signature="NewTest2.test1()[pri:0, instance:tests.NewTest2@614ddd49]" name="test1" class="tests.NewTest2"/>
        <method signature="NewTest2.test2()[pri:0, instance:tests.NewTest2@614ddd49]" name="test2" class="tests.NewTest2"/>
      </group> <!-- dry -->
    </groups>
    <test name="TestCase1" duration-ms="218" started-at="2020-02-27T12:56:54 IST" finished-at="2020-02-27T12:56:55 IST">
      <class name="tests.NewTest">
        <test-method status="PASS" signature="testDDT(java.lang.String, java.lang.String)[pri:0, instance:tests.NewTest@1f554b06]" name="testDDT" duration-ms="3" started-at="2020-02-27T12:56:55 IST" data-provider="dp1" finished-at="2020-02-27T12:56:55 IST">
          <params>
            <param index="0">
              <value>
                <![CDATA[kim]]>
              </value>
            </param>
            <param index="1">
              <value>
                <![CDATA[mskim]]>
              </value>
            </param>
          </params>
          <reporter-output>
          </reporter-output>
        </test-method> <!-- testDDT -->
        <test-method status="PASS" signature="testDDT(java.lang.String, java.lang.String)[pri:0, instance:tests.NewTest@1f554b06]" name="testDDT" duration-ms="4" started-at="2020-02-27T12:56:55 IST" data-provider="dp1" finished-at="2020-02-27T12:56:55 IST">
          <params>
            <param index="0">
              <value>
                <![CDATA[lee]]>
              </value>
            </param>
            <param index="1">
              <value>
                <![CDATA[mslee]]>
              </value>
            </param>
          </params>
          <reporter-output>
          </reporter-output>
        </test-method> <!-- testDDT -->
        <test-method status="PASS" signature="testDDT(java.lang.String, java.lang.String)[pri:0, instance:tests.NewTest@1f554b06]" name="testDDT" duration-ms="3" started-at="2020-02-27T12:56:55 IST" data-provider="dp1" finished-at="2020-02-27T12:56:55 IST">
          <params>
            <param index="0">
              <value>
                <![CDATA[park]]>
              </value>
            </param>
            <param index="1">
              <value>
                <![CDATA[mspark]]>
              </value>
            </param>
          </params>
          <reporter-output>
          </reporter-output>
        </test-method> <!-- testDDT -->
      </class> <!-- tests.NewTest -->
      <class name="tests.NewTest2">
        <test-method status="PASS" signature="test1()[pri:0, instance:tests.NewTest2@614ddd49]" name="test1" duration-ms="20" started-at="2020-02-27T12:56:54 IST" finished-at="2020-02-27T12:56:54 IST">
          <reporter-output>
          </reporter-output>
        </test-method> <!-- test1 -->
        <test-method status="PASS" signature="test2()[pri:0, instance:tests.NewTest2@614ddd49]" name="test2" duration-ms="4" started-at="2020-02-27T12:56:55 IST" finished-at="2020-02-27T12:56:55 IST">
          <reporter-output>
          </reporter-output>
        </test-method> <!-- test2 -->
        <test-method status="PASS" signature="test0()[pri:0, instance:tests.NewTest2@614ddd49]" name="test0" duration-ms="4" depends-on-groups="dry" started-at="2020-02-27T12:56:55 IST" finished-at="2020-02-27T12:56:55 IST">
          <reporter-output>
          </reporter-output>
        </test-method> <!-- test0 -->
      </class> <!-- tests.NewTest2 -->
    </test> <!-- TestCase1 -->
  </suite> <!-- Suite -->
</testng-results>
