<?xml version="1.0" encoding="UTF-8"?>
<!-- Generated by org.testng.reporters.JUnitXMLReporter -->
<testsuite hostname="BDC4-L-8Y4DZM2" ignored="3" name="TestCase1" tests="6" failures="0" timestamp="2020-02-27T12:56:55 IST" time="0.218" errors="0">
  <testcase name="test1" time="0.02" classname="tests.NewTest2"/>
  <testcase name="test2" time="0.004" classname="tests.NewTest2"/>
  <testcase name="testDDT" time="0.003" classname="tests.NewTest"/>
  <testcase name="testDDT" time="0.004" classname="tests.NewTest"/>
  <testcase name="testDDT" time="0.003" classname="tests.NewTest"/>
  <testcase name="test0" time="0.004" classname="tests.NewTest2"/>
  <testcase name="test3" time="0.0" classname="tests.NewTest2">
    <ignored/>
  </testcase> <!-- test3 -->
  <testcase name="testLoginDemoWebShop" time="0.0" classname="tests.NewTest">
    <ignored/>
  </testcase> <!-- testLoginDemoWebShop -->
  <testcase name="test4" time="0.0" classname="tests.NewTest2">
    <ignored/>
  </testcase> <!-- test4 -->
</testsuite> <!-- TestCase1 -->
